<?xml version="1.0" encoding="UTF-8"?>
<testsuite xmlns:xsi="http://www.w3.org/2001/XMLSchema-instance" xsi:noNamespaceSchemaLocation="https://maven.apache.org/surefire/maven-surefire-plugin/xsd/surefire-test-report-3.0.xsd" version="3.0" name="com.example.document_flow.DocumentFlowApplicationTests" time="11.268" tests="1" errors="0" skipped="0" failures="0">
  <properties>
[...]
</properties>
  <testcase name="contextLoads" classname="com.example.document_flow.DocumentFlowApplicationTests" time="0.696">
    <system-out><![CDATA[16:45:35.544 [main] INFO org.springframework.test.context.support.AnnotationConfigContextLoaderUtils -- Could not detect default configuration classes for test class [com.example.document_flow.DocumentFlowApplicationTests]: DocumentFlowApplicationTests does not declare any static, non-private, non-final, nested classes annotated with @Configuration.
16:45:35.815 [main] INFO org.springframework.boot.test.context.SpringBootTestContextBootstrapper -- Found @SpringBootConfiguration com.example.document_flow.DocumentFlowApplication for test class com.example.document_flow.DocumentFlowApplicationTests

  .   ____          _            __ _ _
 /\\ / ___'_ __ _ _(_)_ __  __ _ \ \ \ \
( ( )\___ | '_ | '_| | '_ \/ _` | \ \ \ \
 \\/  ___)| |_)| | | | | || (_| |  ) ) ) )
  '  |____| .__|_| |_|_| |_\__, | / / / /
 =========|_|==============|___/=/_/_/_/
 :: Spring Boot ::                (v3.2.1)

2024-03-25T16:45:36.719+03:00  INFO 5400 --- [           main] c.e.d.DocumentFlowApplicationTests       : Starting DocumentFlowApplicationTests using Java 21 with PID 5400 (started by sivuha in D:\Java\document-flow)
2024-03-25T16:45:36.721+03:00  INFO 5400 --- [           main] c.e.d.DocumentFlowApplicationTests       : No active profile set, falling back to 1 default profile: "default"
2024-03-25T16:45:38.641+03:00  INFO 5400 --- [           main] .s.d.r.c.RepositoryConfigurationDelegate : Multiple Spring Data modules found, entering strict repository configuration mode
2024-03-25T16:45:38.644+03:00  INFO 5400 --- [           main] .s.d.r.c.RepositoryConfigurationDelegate : Bootstrapping Spring Data JDBC repositories in DEFAULT mode.
2024-03-25T16:45:38.691+03:00  INFO 5400 --- [           main] .RepositoryConfigurationExtensionSupport : Spring Data JDBC - Could not safely identify store assignment for repository candidate interface com.example.document_flow.repository.AddressRepository; If you want this repository to be a JDBC repository, consider annotating your entities with one of these annotations: org.springframework.data.relational.core.mapping.Table.
2024-03-25T16:45:38.692+03:00  INFO 5400 --- [           main] .RepositoryConfigurationExtensionSupport : Spring Data JDBC - Could not safely identify store assignment for repository candidate interface com.example.document_flow.repository.CommentRepository; If you want this repository to be a JDBC repository, consider annotating your entities with one of these annotations: org.springframework.data.relational.core.mapping.Table.
2024-03-25T16:45:38.694+03:00  INFO 5400 --- [           main] .RepositoryConfigurationExtensionSupport : Spring Data JDBC - Could not safely identify store assignment for repository candidate interface com.example.document_flow.repository.ContractRepository; If you want this repository to be a JDBC repository, consider annotating your entities with one of these annotations: org.springframework.data.relational.core.mapping.Table.
2024-03-25T16:45:38.695+03:00  INFO 5400 --- [           main] .RepositoryConfigurationExtensionSupport : Spring Data JDBC - Could not safely identify store assignment for repository candidate interface com.example.document_flow.repository.DepartmentRepository; If you want this repository to be a JDBC repository, consider annotating your entities with one of these annotations: org.springframework.data.relational.core.mapping.Table.
2024-03-25T16:45:38.696+03:00  INFO 5400 --- [           main] .RepositoryConfigurationExtensionSupport : Spring Data JDBC - Could not safely identify store assignment for repository candidate interface com.example.document_flow.repository.DocumentRepository; If you want this repository to be a JDBC repository, consider annotating your entities with one of these annotations: org.springframework.data.relational.core.mapping.Table.
2024-03-25T16:45:38.697+03:00  INFO 5400 --- [           main] .RepositoryConfigurationExtensionSupport : Spring Data JDBC - Could not safely identify store assignment for repository candidate interface com.example.document_flow.repository.NotificationRepository; If you want this repository to be a JDBC repository, consider annotating your entities with one of these annotations: org.springframework.data.relational.core.mapping.Table.
2024-03-25T16:45:38.699+03:00  INFO 5400 --- [           main] .RepositoryConfigurationExtensionSupport : Spring Data JDBC - Could not safely identify store assignment for repository candidate interface com.example.document_flow.repository.PersonRepository; If you want this repository to be a JDBC repository, consider annotating your entities with one of these annotations: org.springframework.data.relational.core.mapping.Table.
2024-03-25T16:45:38.702+03:00  INFO 5400 --- [           main] .RepositoryConfigurationExtensionSupport : Spring Data JDBC - Could not safely identify store assignment for repository candidate interface com.example.document_flow.repository.ReportRepository; If you want this repository to be a JDBC repository, consider annotating your entities with one of these annotations: org.springframework.data.relational.core.mapping.Table.
2024-03-25T16:45:38.704+03:00  INFO 5400 --- [           main] .RepositoryConfigurationExtensionSupport : Spring Data JDBC - Could not safely identify store assignment for repository candidate interface com.example.document_flow.repository.TaskRepository; If you want this repository to be a JDBC repository, consider annotating your entities with one of these annotations: org.springframework.data.relational.core.mapping.Table.
2024-03-25T16:45:38.707+03:00  INFO 5400 --- [           main] .RepositoryConfigurationExtensionSupport : Spring Data JDBC - Could not safely identify store assignment for repository candidate interface com.example.document_flow.repository.UserRepository; If you want this repository to be a JDBC repository, consider annotating your entities with one of these annotations: org.springframework.data.relational.core.mapping.Table.
2024-03-25T16:45:38.711+03:00  INFO 5400 --- [           main] .s.d.r.c.RepositoryConfigurationDelegate : Finished Spring Data repository scanning in 57 ms. Found 0 JDBC repository interfaces.
2024-03-25T16:45:38.729+03:00  INFO 5400 --- [           main] .s.d.r.c.RepositoryConfigurationDelegate : Multiple Spring Data modules found, entering strict repository configuration mode
2024-03-25T16:45:38.730+03:00  INFO 5400 --- [           main] .s.d.r.c.RepositoryConfigurationDelegate : Bootstrapping Spring Data JPA repositories in DEFAULT mode.
2024-03-25T16:45:38.783+03:00  INFO 5400 --- [           main] .s.d.r.c.RepositoryConfigurationDelegate : Finished Spring Data repository scanning in 47 ms. Found 10 JPA repository interfaces.
2024-03-25T16:45:39.909+03:00  INFO 5400 --- [           main] o.hibernate.jpa.internal.util.LogHelper  : HHH000204: Processing PersistenceUnitInfo [name: default]
2024-03-25T16:45:40.058+03:00  INFO 5400 --- [           main] org.hibernate.Version                    : HHH000412: Hibernate ORM core version 6.4.1.Final
2024-03-25T16:45:40.125+03:00  INFO 5400 --- [           main] o.h.c.internal.RegionFactoryInitiator    : HHH000026: Second-level cache disabled
2024-03-25T16:45:40.631+03:00  INFO 5400 --- [           main] o.s.o.j.p.SpringPersistenceUnitInfo      : No LoadTimeWeaver setup: ignoring JPA class transformer
2024-03-25T16:45:40.683+03:00  INFO 5400 --- [           main] com.zaxxer.hikari.HikariDataSource       : HikariPool-1 - Starting...
2024-03-25T16:45:41.071+03:00  INFO 5400 --- [           main] com.zaxxer.hikari.pool.HikariPool        : HikariPool-1 - Added connection org.postgresql.jdbc.PgConnection@7e2c6702
2024-03-25T16:45:41.073+03:00  INFO 5400 --- [           main] com.zaxxer.hikari.HikariDataSource       : HikariPool-1 - Start completed.
2024-03-25T16:45:41.193+03:00  WARN 5400 --- [           main] org.hibernate.orm.deprecation            : HHH90000025: PostgreSQLDialect does not need to be specified explicitly using 'hibernate.dialect' (remove the property setting and it will be selected by default)
2024-03-25T16:45:42.833+03:00  INFO 5400 --- [           main] o.h.e.t.j.p.i.JtaPlatformInitiator       : HHH000489: No JTA platform available (set 'hibernate.transaction.jta.platform' to enable JTA platform integration)
Hibernate: alter table if exists comments drop constraint if exists FK60j9k3nc1ap2j2134fh2jaj2d
2024-03-25T16:45:42.864+03:00  WARN 5400 --- [           main] o.h.engine.jdbc.spi.SqlExceptionHelper   : SQL Warning Code: 0, SQLState: 00000
2024-03-25T16:45:42.864+03:00  WARN 5400 --- [           main] o.h.engine.jdbc.spi.SqlExceptionHelper   : отношение "comments" не существует, пропускается
Hibernate: alter table if exists department_projects drop constraint if exists FK10ecm3noveh9s1ncnfn5tcys0
2024-03-25T16:45:42.865+03:00  WARN 5400 --- [           main] o.h.engine.jdbc.spi.SqlExceptionHelper   : SQL Warning Code: 0, SQLState: 00000
2024-03-25T16:45:42.865+03:00  WARN 5400 --- [           main] o.h.engine.jdbc.spi.SqlExceptionHelper   : отношение "department_projects" не существует, пропускается
Hibernate: alter table if exists department_projects drop constraint if exists FK9x7k6xcql6x9rk0sdmbscwaxi
2024-03-25T16:45:42.866+03:00  WARN 5400 --- [           main] o.h.engine.jdbc.spi.SqlExceptionHelper   : SQL Warning Code: 0, SQLState: 00000
2024-03-25T16:45:42.867+03:00  WARN 5400 --- [           main] o.h.engine.jdbc.spi.SqlExceptionHelper   : отношение "department_projects" не существует, пропускается
Hibernate: alter table if exists document drop constraint if exists FKqm5yun3pd54ydxd495j3sj01k
2024-03-25T16:45:42.868+03:00  WARN 5400 --- [           main] o.h.engine.jdbc.spi.SqlExceptionHelper   : SQL Warning Code: 0, SQLState: 00000
2024-03-25T16:45:42.868+03:00  WARN 5400 --- [           main] o.h.engine.jdbc.spi.SqlExceptionHelper   : отношение "document" не существует, пропускается
Hibernate: alter table if exists document_comments drop constraint if exists FK61xax2tmaptavgo40j1s8t0wn
2024-03-25T16:45:42.869+03:00  WARN 5400 --- [           main] o.h.engine.jdbc.spi.SqlExceptionHelper   : SQL Warning Code: 0, SQLState: 00000
2024-03-25T16:45:42.869+03:00  WARN 5400 --- [           main] o.h.engine.jdbc.spi.SqlExceptionHelper   : отношение "document_comments" не существует, пропускается
Hibernate: alter table if exists document_comments drop constraint if exists FKkduubnc2m8x1dqdpdnf0krua3
2024-03-25T16:45:42.870+03:00  WARN 5400 --- [           main] o.h.engine.jdbc.spi.SqlExceptionHelper   : SQL Warning Code: 0, SQLState: 00000
2024-03-25T16:45:42.870+03:00  WARN 5400 --- [           main] o.h.engine.jdbc.spi.SqlExceptionHelper   : отношение "document_comments" не существует, пропускается
Hibernate: alter table if exists document_projects drop constraint if exists FKt5621hbhmjcmv3grcrrkegc71
2024-03-25T16:45:42.871+03:00  WARN 5400 --- [           main] o.h.engine.jdbc.spi.SqlExceptionHelper   : SQL Warning Code: 0, SQLState: 00000
2024-03-25T16:45:42.871+03:00  WARN 5400 --- [           main] o.h.engine.jdbc.spi.SqlExceptionHelper   : отношение "document_projects" не существует, пропускается
Hibernate: alter table if exists document_projects drop constraint if exists FKgnbishiesy7asd8upydol7pvo
2024-03-25T16:45:42.872+03:00  WARN 5400 --- [           main] o.h.engine.jdbc.spi.SqlExceptionHelper   : SQL Warning Code: 0, SQLState: 00000
2024-03-25T16:45:42.872+03:00  WARN 5400 --- [           main] o.h.engine.jdbc.spi.SqlExceptionHelper   : отношение "document_projects" не существует, пропускается
Hibernate: alter table if exists document_shares drop constraint if exists FK37v1nhpibp6exga16x5ksknjv
2024-03-25T16:45:42.873+03:00  WARN 5400 --- [           main] o.h.engine.jdbc.spi.SqlExceptionHelper   : SQL Warning Code: 0, SQLState: 00000
2024-03-25T16:45:42.873+03:00  WARN 5400 --- [           main] o.h.engine.jdbc.spi.SqlExceptionHelper   : отношение "document_shares" не существует, пропускается
Hibernate: alter table if exists document_shares drop constraint if exists FKk1k6ory1gf23ogpbbx3frhen1
2024-03-25T16:45:42.874+03:00  WARN 5400 --- [           main] o.h.engine.jdbc.spi.SqlExceptionHelper   : SQL Warning Code: 0, SQLState: 00000
2024-03-25T16:45:42.874+03:00  WARN 5400 --- [           main] o.h.engine.jdbc.spi.SqlExceptionHelper   : отношение "document_shares" не существует, пропускается
Hibernate: alter table if exists notifications_users drop constraint if exists FKarfn23phqnrweb8mcub7mob39
2024-03-25T16:45:42.874+03:00  WARN 5400 --- [           main] o.h.engine.jdbc.spi.SqlExceptionHelper   : SQL Warning Code: 0, SQLState: 00000
2024-03-25T16:45:42.875+03:00  WARN 5400 --- [           main] o.h.engine.jdbc.spi.SqlExceptionHelper   : отношение "notifications_users" не существует, пропускается
Hibernate: alter table if exists notifications_users drop constraint if exists FKkk801l9ilfliaollxjn5jcf01
2024-03-25T16:45:42.875+03:00  WARN 5400 --- [           main] o.h.engine.jdbc.spi.SqlExceptionHelper   : SQL Warning Code: 0, SQLState: 00000
2024-03-25T16:45:42.875+03:00  WARN 5400 --- [           main] o.h.engine.jdbc.spi.SqlExceptionHelper   : отношение "notifications_users" не существует, пропускается
Hibernate: alter table if exists persons drop constraint if exists FKhpk0ck378u9nar5y4b4cwb8sd
2024-03-25T16:45:42.876+03:00  WARN 5400 --- [           main] o.h.engine.jdbc.spi.SqlExceptionHelper   : SQL Warning Code: 0, SQLState: 00000
2024-03-25T16:45:42.877+03:00  WARN 5400 --- [           main] o.h.engine.jdbc.spi.SqlExceptionHelper   : отношение "persons" не существует, пропускается
Hibernate: alter table if exists persons drop constraint if exists FKqbwgrmjselih38nyit1kx85n7
2024-03-25T16:45:42.877+03:00  WARN 5400 --- [           main] o.h.engine.jdbc.spi.SqlExceptionHelper   : SQL Warning Code: 0, SQLState: 00000
2024-03-25T16:45:42.877+03:00  WARN 5400 --- [           main] o.h.engine.jdbc.spi.SqlExceptionHelper   : отношение "persons" не существует, пропускается
Hibernate: alter table if exists persons drop constraint if exists FKh6dne096vh18gfy82t8ksgykn
2024-03-25T16:45:42.878+03:00  WARN 5400 --- [           main] o.h.engine.jdbc.spi.SqlExceptionHelper   : SQL Warning Code: 0, SQLState: 00000
2024-03-25T16:45:42.878+03:00  WARN 5400 --- [           main] o.h.engine.jdbc.spi.SqlExceptionHelper   : отношение "persons" не существует, пропускается
Hibernate: alter table if exists persons_tasks drop constraint if exists FKc9vmat1cxhpeg10d4awktwyls
2024-03-25T16:45:42.879+03:00  WARN 5400 --- [           main] o.h.engine.jdbc.spi.SqlExceptionHelper   : SQL Warning Code: 0, SQLState: 00000
2024-03-25T16:45:42.879+03:00  WARN 5400 --- [           main] o.h.engine.jdbc.spi.SqlExceptionHelper   : отношение "persons_tasks" не существует, пропускается
Hibernate: alter table if exists persons_tasks drop constraint if exists FK667a8buxvqvwykbnaym74lijy
2024-03-25T16:45:42.880+03:00  WARN 5400 --- [           main] o.h.engine.jdbc.spi.SqlExceptionHelper   : SQL Warning Code: 0, SQLState: 00000
2024-03-25T16:45:42.880+03:00  WARN 5400 --- [           main] o.h.engine.jdbc.spi.SqlExceptionHelper   : отношение "persons_tasks" не существует, пропускается
Hibernate: alter table if exists projects drop constraint if exists FKtru96bl30ntdvo4y33ap06hio
2024-03-25T16:45:42.881+03:00  WARN 5400 --- [           main] o.h.engine.jdbc.spi.SqlExceptionHelper   : SQL Warning Code: 0, SQLState: 00000
2024-03-25T16:45:42.881+03:00  WARN 5400 --- [           main] o.h.engine.jdbc.spi.SqlExceptionHelper   : отношение "projects" не существует, пропускается
Hibernate: alter table if exists projects_documents drop constraint if exists FK2pri44nl7r40fjn48xfc5qji4
2024-03-25T16:45:42.882+03:00  WARN 5400 --- [           main] o.h.engine.jdbc.spi.SqlExceptionHelper   : SQL Warning Code: 0, SQLState: 00000
2024-03-25T16:45:42.882+03:00  WARN 5400 --- [           main] o.h.engine.jdbc.spi.SqlExceptionHelper   : отношение "projects_documents" не существует, пропускается
Hibernate: alter table if exists projects_documents drop constraint if exists FK93qmoxc604xkinu963eehaq47
2024-03-25T16:45:42.883+03:00  WARN 5400 --- [           main] o.h.engine.jdbc.spi.SqlExceptionHelper   : SQL Warning Code: 0, SQLState: 00000
2024-03-25T16:45:42.884+03:00  WARN 5400 --- [           main] o.h.engine.jdbc.spi.SqlExceptionHelper   : отношение "projects_documents" не существует, пропускается
Hibernate: alter table if exists tasks drop constraint if exists FK54eiy214pew9vn1k6vc3p7jqh
2024-03-25T16:45:42.885+03:00  WARN 5400 --- [           main] o.h.engine.jdbc.spi.SqlExceptionHelper   : SQL Warning Code: 0, SQLState: 00000
2024-03-25T16:45:42.886+03:00  WARN 5400 --- [           main] o.h.engine.jdbc.spi.SqlExceptionHelper   : отношение "tasks" не существует, пропускается
Hibernate: alter table if exists tasks drop constraint if exists FK83wtk1uwa6l9aokatgtwbnik9
2024-03-25T16:45:42.887+03:00  WARN 5400 --- [           main] o.h.engine.jdbc.spi.SqlExceptionHelper   : SQL Warning Code: 0, SQLState: 00000
2024-03-25T16:45:42.887+03:00  WARN 5400 --- [           main] o.h.engine.jdbc.spi.SqlExceptionHelper   : отношение "tasks" не существует, пропускается
Hibernate: alter table if exists users drop constraint if exists FKmvbq8q4vpi6csivw9wcnq6ho5
2024-03-25T16:45:42.889+03:00  WARN 5400 --- [           main] o.h.engine.jdbc.spi.SqlExceptionHelper   : SQL Warning Code: 0, SQLState: 00000
2024-03-25T16:45:42.890+03:00  WARN 5400 --- [           main] o.h.engine.jdbc.spi.SqlExceptionHelper   : отношение "users" не существует, пропускается
Hibernate: alter table if exists users_notifications drop constraint if exists FK17pt2krtfgoof65xdvtbpf5aw
2024-03-25T16:45:42.891+03:00  WARN 5400 --- [           main] o.h.engine.jdbc.spi.SqlExceptionHelper   : SQL Warning Code: 0, SQLState: 00000
2024-03-25T16:45:42.892+03:00  WARN 5400 --- [           main] o.h.engine.jdbc.spi.SqlExceptionHelper   : отношение "users_notifications" не существует, пропускается
Hibernate: alter table if exists users_notifications drop constraint if exists FKil3tssmpyic5ruavb9jbbw2bb
2024-03-25T16:45:42.893+03:00  WARN 5400 --- [           main] o.h.engine.jdbc.spi.SqlExceptionHelper   : SQL Warning Code: 0, SQLState: 00000
2024-03-25T16:45:42.893+03:00  WARN 5400 --- [           main] o.h.engine.jdbc.spi.SqlExceptionHelper   : отношение "users_notifications" не существует, пропускается
Hibernate: alter table if exists users_share_documents drop constraint if exists FKhwkojpf8q0k7hwlx970gnn8r1
2024-03-25T16:45:42.895+03:00  WARN 5400 --- [           main] o.h.engine.jdbc.spi.SqlExceptionHelper   : SQL Warning Code: 0, SQLState: 00000
2024-03-25T16:45:42.895+03:00  WARN 5400 --- [           main] o.h.engine.jdbc.spi.SqlExceptionHelper   : отношение "users_share_documents" не существует, пропускается
Hibernate: alter table if exists users_share_documents drop constraint if exists FKbe61yh1l29h0pkjiekiho8kd5
2024-03-25T16:45:42.896+03:00  WARN 5400 --- [           main] o.h.engine.jdbc.spi.SqlExceptionHelper   : SQL Warning Code: 0, SQLState: 00000
2024-03-25T16:45:42.897+03:00  WARN 5400 --- [           main] o.h.engine.jdbc.spi.SqlExceptionHelper   : отношение "users_share_documents" не существует, пропускается
Hibernate: drop table if exists addresses cascade
2024-03-25T16:45:42.901+03:00  WARN 5400 --- [           main] o.h.engine.jdbc.spi.SqlExceptionHelper   : SQL Warning Code: 0, SQLState: 00000
2024-03-25T16:45:42.902+03:00  WARN 5400 --- [           main] o.h.engine.jdbc.spi.SqlExceptionHelper   : таблица "addresses" не существует, пропускается
Hibernate: drop table if exists comments cascade
2024-03-25T16:45:42.903+03:00  WARN 5400 --- [           main] o.h.engine.jdbc.spi.SqlExceptionHelper   : SQL Warning Code: 0, SQLState: 00000
2024-03-25T16:45:42.903+03:00  WARN 5400 --- [           main] o.h.engine.jdbc.spi.SqlExceptionHelper   : таблица "comments" не существует, пропускается
Hibernate: drop table if exists contracts cascade
2024-03-25T16:45:42.904+03:00  WARN 5400 --- [           main] o.h.engine.jdbc.spi.SqlExceptionHelper   : SQL Warning Code: 0, SQLState: 00000
2024-03-25T16:45:42.905+03:00  WARN 5400 --- [           main] o.h.engine.jdbc.spi.SqlExceptionHelper   : таблица "contracts" не существует, пропускается
Hibernate: drop table if exists department cascade
2024-03-25T16:45:42.906+03:00  WARN 5400 --- [           main] o.h.engine.jdbc.spi.SqlExceptionHelper   : SQL Warning Code: 0, SQLState: 00000
2024-03-25T16:45:42.906+03:00  WARN 5400 --- [           main] o.h.engine.jdbc.spi.SqlExceptionHelper   : таблица "department" не существует, пропускается
Hibernate: drop table if exists department_projects cascade
2024-03-25T16:45:42.907+03:00  WARN 5400 --- [           main] o.h.engine.jdbc.spi.SqlExceptionHelper   : SQL Warning Code: 0, SQLState: 00000
2024-03-25T16:45:42.907+03:00  WARN 5400 --- [           main] o.h.engine.jdbc.spi.SqlExceptionHelper   : таблица "department_projects" не существует, пропускается
Hibernate: drop table if exists document cascade
2024-03-25T16:45:42.908+03:00  WARN 5400 --- [           main] o.h.engine.jdbc.spi.SqlExceptionHelper   : SQL Warning Code: 0, SQLState: 00000
2024-03-25T16:45:42.909+03:00  WARN 5400 --- [           main] o.h.engine.jdbc.spi.SqlExceptionHelper   : таблица "document" не существует, пропускается
Hibernate: drop table if exists document_comments cascade
2024-03-25T16:45:42.909+03:00  WARN 5400 --- [           main] o.h.engine.jdbc.spi.SqlExceptionHelper   : SQL Warning Code: 0, SQLState: 00000
2024-03-25T16:45:42.910+03:00  WARN 5400 --- [           main] o.h.engine.jdbc.spi.SqlExceptionHelper   : таблица "document_comments" не существует, пропускается
Hibernate: drop table if exists document_projects cascade
2024-03-25T16:45:42.911+03:00  WARN 5400 --- [           main] o.h.engine.jdbc.spi.SqlExceptionHelper   : SQL Warning Code: 0, SQLState: 00000
2024-03-25T16:45:42.911+03:00  WARN 5400 --- [           main] o.h.engine.jdbc.spi.SqlExceptionHelper   : таблица "document_projects" не существует, пропускается
Hibernate: drop table if exists document_shares cascade
2024-03-25T16:45:42.912+03:00  WARN 5400 --- [           main] o.h.engine.jdbc.spi.SqlExceptionHelper   : SQL Warning Code: 0, SQLState: 00000
2024-03-25T16:45:42.912+03:00  WARN 5400 --- [           main] o.h.engine.jdbc.spi.SqlExceptionHelper   : таблица "document_shares" не существует, пропускается
Hibernate: drop table if exists notifications cascade
2024-03-25T16:45:42.912+03:00  WARN 5400 --- [           main] o.h.engine.jdbc.spi.SqlExceptionHelper   : SQL Warning Code: 0, SQLState: 00000
2024-03-25T16:45:42.912+03:00  WARN 5400 --- [           main] o.h.engine.jdbc.spi.SqlExceptionHelper   : таблица "notifications" не существует, пропускается
Hibernate: drop table if exists notifications_users cascade
2024-03-25T16:45:42.913+03:00  WARN 5400 --- [           main] o.h.engine.jdbc.spi.SqlExceptionHelper   : SQL Warning Code: 0, SQLState: 00000
2024-03-25T16:45:42.913+03:00  WARN 5400 --- [           main] o.h.engine.jdbc.spi.SqlExceptionHelper   : таблица "notifications_users" не существует, пропускается
Hibernate: drop table if exists persons cascade
2024-03-25T16:45:42.914+03:00  WARN 5400 --- [           main] o.h.engine.jdbc.spi.SqlExceptionHelper   : SQL Warning Code: 0, SQLState: 00000
2024-03-25T16:45:42.914+03:00  WARN 5400 --- [           main] o.h.engine.jdbc.spi.SqlExceptionHelper   : таблица "persons" не существует, пропускается
Hibernate: drop table if exists persons_tasks cascade
2024-03-25T16:45:42.915+03:00  WARN 5400 --- [           main] o.h.engine.jdbc.spi.SqlExceptionHelper   : SQL Warning Code: 0, SQLState: 00000
2024-03-25T16:45:42.915+03:00  WARN 5400 --- [           main] o.h.engine.jdbc.spi.SqlExceptionHelper   : таблица "persons_tasks" не существует, пропускается
Hibernate: drop table if exists projects cascade
2024-03-25T16:45:42.916+03:00  WARN 5400 --- [           main] o.h.engine.jdbc.spi.SqlExceptionHelper   : SQL Warning Code: 0, SQLState: 00000
2024-03-25T16:45:42.916+03:00  WARN 5400 --- [           main] o.h.engine.jdbc.spi.SqlExceptionHelper   : таблица "projects" не существует, пропускается
Hibernate: drop table if exists projects_documents cascade
2024-03-25T16:45:42.916+03:00  WARN 5400 --- [           main] o.h.engine.jdbc.spi.SqlExceptionHelper   : SQL Warning Code: 0, SQLState: 00000
2024-03-25T16:45:42.916+03:00  WARN 5400 --- [           main] o.h.engine.jdbc.spi.SqlExceptionHelper   : таблица "projects_documents" не существует, пропускается
Hibernate: drop table if exists reports cascade
2024-03-25T16:45:42.917+03:00  WARN 5400 --- [           main] o.h.engine.jdbc.spi.SqlExceptionHelper   : SQL Warning Code: 0, SQLState: 00000
2024-03-25T16:45:42.917+03:00  WARN 5400 --- [           main] o.h.engine.jdbc.spi.SqlExceptionHelper   : таблица "reports" не существует, пропускается
Hibernate: drop table if exists tasks cascade
2024-03-25T16:45:42.918+03:00  WARN 5400 --- [           main] o.h.engine.jdbc.spi.SqlExceptionHelper   : SQL Warning Code: 0, SQLState: 00000
2024-03-25T16:45:42.918+03:00  WARN 5400 --- [           main] o.h.engine.jdbc.spi.SqlExceptionHelper   : таблица "tasks" не существует, пропускается
Hibernate: drop table if exists users cascade
2024-03-25T16:45:42.918+03:00  WARN 5400 --- [           main] o.h.engine.jdbc.spi.SqlExceptionHelper   : SQL Warning Code: 0, SQLState: 00000
2024-03-25T16:45:42.918+03:00  WARN 5400 --- [           main] o.h.engine.jdbc.spi.SqlExceptionHelper   : таблица "users" не существует, пропускается
Hibernate: drop table if exists users_notifications cascade
2024-03-25T16:45:42.919+03:00  WARN 5400 --- [           main] o.h.engine.jdbc.spi.SqlExceptionHelper   : SQL Warning Code: 0, SQLState: 00000
2024-03-25T16:45:42.919+03:00  WARN 5400 --- [           main] o.h.engine.jdbc.spi.SqlExceptionHelper   : таблица "users_notifications" не существует, пропускается
Hibernate: drop table if exists users_share_documents cascade
2024-03-25T16:45:42.920+03:00  WARN 5400 --- [           main] o.h.engine.jdbc.spi.SqlExceptionHelper   : SQL Warning Code: 0, SQLState: 00000
2024-03-25T16:45:42.920+03:00  WARN 5400 --- [           main] o.h.engine.jdbc.spi.SqlExceptionHelper   : таблица "users_share_documents" не существует, пропускается
Hibernate: create table addresses (id bigserial not null, city varchar(255), postal_code varchar(255), street varchar(255), primary key (id))
Hibernate: create table comments (created_at timestamp(6), document_id bigint, id bigserial not null, author varchar(255), content varchar(255), primary key (id))
Hibernate: create table contracts (id bigserial not null, client_name varchar(255), primary key (id))
Hibernate: create table department (id bigserial not null, abbreviation varchar(255), description varchar(255), name varchar(255), primary key (id))
Hibernate: create table department_projects (department_id bigint not null, projects_id bigint not null unique)
Hibernate: create table document (document_type smallint check (document_type between 0 and 3), author_id bigint, id bigserial not null, file_path varchar(255), name varchar(255), type varchar(255), primary key (id))
Hibernate: create table document_comments (comments_id bigint not null unique, document_id bigint not null)
Hibernate: create table document_projects (document_id bigint not null, projects_id bigint not null)
Hibernate: create table document_shares (document_id bigint not null, shares_id bigint not null)
Hibernate: create table notifications (is_read boolean not null, created_at timestamp(6), id bigserial not null, message varchar(255), recipient varchar(255), primary key (id))
Hibernate: create table notifications_users (notification_id bigint not null, users_id bigint not null)
Hibernate: create table persons (address_id bigint unique, birthdate timestamp(6), contract_id bigint unique, department_id bigint, id bigserial not null, firstname varchar(255), patronymic varchar(255), position varchar(255), secondname varchar(255), primary key (id))
Hibernate: create table persons_tasks (person_id bigint not null, tasks_id bigint not null unique)
Hibernate: create table projects (department_id bigint, id bigserial not null, primary key (id))
Hibernate: create table projects_documents (documents_id bigint not null, project_id bigint not null)
Hibernate: create table reports (is_approved boolean not null, created_at timestamp(6), id bigserial not null, approved_by varchar(255), created_by varchar(255), description varchar(255), title varchar(255), primary key (id))
Hibernate: create table tasks (department_id bigint, id bigserial not null, person_id bigint, description varchar(255), title varchar(255), primary key (id))
Hibernate: create table users (permission smallint check (permission between 0 and 4), id bigserial not null, person_id bigint unique, login varchar(255), password varchar(255), primary key (id))
Hibernate: create table users_notifications (notifications_id bigint not null, user_id bigint not null)
Hibernate: create table users_share_documents (share_documents_id bigint not null, user_id bigint not null)
Hibernate: alter table if exists comments add constraint FK60j9k3nc1ap2j2134fh2jaj2d foreign key (document_id) references document
Hibernate: alter table if exists department_projects add constraint FK10ecm3noveh9s1ncnfn5tcys0 foreign key (projects_id) references projects
Hibernate: alter table if exists department_projects add constraint FK9x7k6xcql6x9rk0sdmbscwaxi foreign key (department_id) references department
Hibernate: alter table if exists document add constraint FKqm5yun3pd54ydxd495j3sj01k foreign key (author_id) references users
Hibernate: alter table if exists document_comments add constraint FK61xax2tmaptavgo40j1s8t0wn foreign key (comments_id) references comments
Hibernate: alter table if exists document_comments add constraint FKkduubnc2m8x1dqdpdnf0krua3 foreign key (document_id) references document
Hibernate: alter table if exists document_projects add constraint FKt5621hbhmjcmv3grcrrkegc71 foreign key (projects_id) references projects
Hibernate: alter table if exists document_projects add constraint FKgnbishiesy7asd8upydol7pvo foreign key (document_id) references document
Hibernate: alter table if exists document_shares add constraint FK37v1nhpibp6exga16x5ksknjv foreign key (shares_id) references users
Hibernate: alter table if exists document_shares add constraint FKk1k6ory1gf23ogpbbx3frhen1 foreign key (document_id) references document
Hibernate: alter table if exists notifications_users add constraint FKarfn23phqnrweb8mcub7mob39 foreign key (users_id) references users
Hibernate: alter table if exists notifications_users add constraint FKkk801l9ilfliaollxjn5jcf01 foreign key (notification_id) references notifications
Hibernate: alter table if exists persons add constraint FKhpk0ck378u9nar5y4b4cwb8sd foreign key (address_id) references addresses
Hibernate: alter table if exists persons add constraint FKqbwgrmjselih38nyit1kx85n7 foreign key (contract_id) references contracts
Hibernate: alter table if exists persons add constraint FKh6dne096vh18gfy82t8ksgykn foreign key (department_id) references department
Hibernate: alter table if exists persons_tasks add constraint FKc9vmat1cxhpeg10d4awktwyls foreign key (tasks_id) references tasks
Hibernate: alter table if exists persons_tasks add constraint FK667a8buxvqvwykbnaym74lijy foreign key (person_id) references persons
Hibernate: alter table if exists projects add constraint FKtru96bl30ntdvo4y33ap06hio foreign key (department_id) references department
Hibernate: alter table if exists projects_documents add constraint FK2pri44nl7r40fjn48xfc5qji4 foreign key (documents_id) references document
Hibernate: alter table if exists projects_documents add constraint FK93qmoxc604xkinu963eehaq47 foreign key (project_id) references projects
Hibernate: alter table if exists tasks add constraint FK54eiy214pew9vn1k6vc3p7jqh foreign key (department_id) references department
Hibernate: alter table if exists tasks add constraint FK83wtk1uwa6l9aokatgtwbnik9 foreign key (person_id) references persons
Hibernate: alter table if exists users add constraint FKmvbq8q4vpi6csivw9wcnq6ho5 foreign key (person_id) references persons
Hibernate: alter table if exists users_notifications add constraint FK17pt2krtfgoof65xdvtbpf5aw foreign key (notifications_id) references notifications
Hibernate: alter table if exists users_notifications add constraint FKil3tssmpyic5ruavb9jbbw2bb foreign key (user_id) references users
Hibernate: alter table if exists users_share_documents add constraint FKhwkojpf8q0k7hwlx970gnn8r1 foreign key (share_documents_id) references document
Hibernate: alter table if exists users_share_documents add constraint FKbe61yh1l29h0pkjiekiho8kd5 foreign key (user_id) references users
2024-03-25T16:45:43.280+03:00  INFO 5400 --- [           main] j.LocalContainerEntityManagerFactoryBean : Initialized JPA EntityManagerFactory for persistence unit 'default'
2024-03-25T16:45:44.555+03:00  WARN 5400 --- [           main] JpaBaseConfiguration$JpaWebConfiguration : spring.jpa.open-in-view is enabled by default. Therefore, database queries may be performed during view rendering. Explicitly configure spring.jpa.open-in-view to disable this warning
2024-03-25T16:45:45.625+03:00  INFO 5400 --- [           main] c.e.d.DocumentFlowApplicationTests       : Started DocumentFlowApplicationTests in 9.509 seconds (process running for 12.328)
]]></system-out>
    <system-err><![CDATA[WARNING: A Java agent has been loaded dynamically (C:\Users\sivuha\.m2\repository\net\bytebuddy\byte-buddy-agent\1.14.10\byte-buddy-agent-1.14.10.jar)
WARNING: If a serviceability tool is in use, please run with -XX:+EnableDynamicAgentLoading to hide this warning
WARNING: If a serviceability tool is not in use, please run with -Djdk.instrument.traceUsage for more information
WARNING: Dynamic loading of agents will be disallowed by default in a future release
]]></system-err>
  </testcase>
</testsuite>